<?xml version="1.0" encoding="UTF-8"?><testsuite failures="1" name="cucumber.runtime.formatter.JUnitFormatter" skipped="0" tests="2" time="32.58161">
<testcase classname="login feature" name="attempt to login with no password" time="6.526277">
<system-out><![CDATA[Given user is on the login page.............................................passed
When user enters incorrect email............................................passed
But user does not enter input in password field.............................passed
Then user clicks on sign in button..........................................passed
And there should be an error stating user should enter password.............passed
]]></system-out>
</testcase>
<testcase classname="login feature" name="login with invalid credentials" time="26.055333">
<failure message="java.lang.NullPointerException&#10;&#9;at sun.reflect.NativeMethodAccessorImpl.invoke0(Native Method)&#10;&#9;at sun.reflect.NativeMethodAccessorImpl.invoke(NativeMethodAccessorImpl.java:62)&#10;&#9;at sun.reflect.DelegatingMethodAccessorImpl.invoke(DelegatingMethodAccessorImpl.java:43)&#10;&#9;at java.lang.reflect.Method.invoke(Method.java:498)&#10;&#9;at org.openqa.selenium.support.pagefactory.internal.LocatingElementHandler.invoke(LocatingElementHandler.java:51)&#10;&#9;at com.sun.proxy.$Proxy16.getText(Unknown Source)&#10;&#9;at objects.TargetSignin.incorrectPassErr(TargetSignin.java:48)&#10;&#9;at stepDefinitions.LoginSteps.there_should_be_an_error_and_user_should_not_be_granted_access(LoginSteps.java:59)&#10;&#9;at ✽.And There should be an error, and user should not be granted access(login.feature:16)&#10;"><![CDATA[Given user is on the login page.............................................passed
When user enters incorrect email............................................passed
Then user signs enter incorrect password....................................passed
And user clicks on sign in button...........................................passed
And There should be an error, and user should not be granted access.........failed

StackTrace:
java.lang.NullPointerException
	at sun.reflect.NativeMethodAccessorImpl.invoke0(Native Method)
	at sun.reflect.NativeMethodAccessorImpl.invoke(NativeMethodAccessorImpl.java:62)
	at sun.reflect.DelegatingMethodAccessorImpl.invoke(DelegatingMethodAccessorImpl.java:43)
	at java.lang.reflect.Method.invoke(Method.java:498)
	at org.openqa.selenium.support.pagefactory.internal.LocatingElementHandler.invoke(LocatingElementHandler.java:51)
	at com.sun.proxy.$Proxy16.getText(Unknown Source)
	at objects.TargetSignin.incorrectPassErr(TargetSignin.java:48)
	at stepDefinitions.LoginSteps.there_should_be_an_error_and_user_should_not_be_granted_access(LoginSteps.java:59)
	at ✽.And There should be an error, and user should not be granted access(login.feature:16)
]]></failure>
</testcase>
</testsuite>
